<?xml version="1.0" encoding="UTF-8"?>
<testsuite name="com.test.senha.ValidadorSenhaTest" time="3.596" tests="19" errors="0" skipped="0" failures="0">
  <properties>
    <property name="java.runtime.name" value="Java(TM) SE Runtime Environment"/>
    <property name="java.vm.version" value="11.0.14+8-LTS-263"/>
    <property name="sun.boot.library.path" value="C:\Program Files\Java\jdk-11.0.14\bin"/>
    <property name="maven.multiModuleProjectDirectory" value="C:\Users\juliatrabalho\Documents\NetBeansProjects\atividade-avaliativa\validadorsenha-master"/>
    <property name="java.vm.vendor" value="Oracle Corporation"/>
    <property name="java.vendor.url" value="https://openjdk.java.net/"/>
    <property name="guice.disable.misplaced.annotation.check" value="true"/>
    <property name="path.separator" value=";"/>
    <property name="java.vm.name" value="Java HotSpot(TM) 64-Bit Server VM"/>
    <property name="sun.os.patch.level" value=""/>
    <property name="user.script" value=""/>
    <property name="user.country" value="BR"/>
    <property name="sun.java.launcher" value="SUN_STANDARD"/>
    <property name="java.vm.specification.name" value="Java Virtual Machine Specification"/>
    <property name="user.dir" value="C:\Users\juliatrabalho\Documents\NetBeansProjects\atividade-avaliativa\validadorsenha-master"/>
    <property name="java.vm.compressedOopsMode" value="32-bit"/>
    <property name="java.runtime.version" value="11.0.14+8-LTS-263"/>
    <property name="java.awt.graphicsenv" value="sun.awt.Win32GraphicsEnvironment"/>
    <property name="os.arch" value="amd64"/>
    <property name="java.io.tmpdir" value="C:\Users\JULIAT~1\AppData\Local\Temp\"/>
    <property name="line.separator" value="&#10;"/>
    <property name="java.vm.specification.vendor" value="Oracle Corporation"/>
    <property name="user.variant" value=""/>
    <property name="os.name" value="Windows 10"/>
    <property name="maven.ext.class.path" value="C:\Program Files\NetBeans-12.6\netbeans\java\maven-nblib\netbeans-eventspy.jar"/>
    <property name="classworlds.conf" value="C:\Program Files\NetBeans-12.6\netbeans\java\maven\bin\..\bin\m2.conf"/>
    <property name="sun.jnu.encoding" value="Cp1252"/>
    <property name="java.library.path" value="C:\Program Files\Java\jdk-11.0.14\bin;C:\WINDOWS\Sun\Java\bin;C:\WINDOWS\system32;C:\WINDOWS;C:\Program Files\Common Files\Oracle\Java\javapath;C:\Program Files (x86)\Intel\iCLS Client\;C:\Program Files\Intel\iCLS Client\;C:\windows\system32;C:\windows;C:\windows\System32\Wbem;C:\windows\System32\WindowsPowerShell\v1.0\;C:\Program Files (x86)\NVIDIA Corporation\PhysX\Common;C:\Program Files (x86)\Intel\Intel(R) Management Engine Components\DAL;C:\Program Files\Intel\Intel(R) Management Engine Components\DAL;C:\Program Files (x86)\Intel\Intel(R) Management Engine Components\IPT;C:\Program Files\Intel\Intel(R) Management Engine Components\IPT;C:\WINDOWS\system32;C:\WINDOWS;C:\WINDOWS\System32\Wbem;C:\WINDOWS\System32\WindowsPowerShell\v1.0\;C:\WINDOWS\System32\OpenSSH\;C:\Program Files\NVIDIA Corporation\NVIDIA NvDLISR;C:\Program Files (x86)\Gpg4win\..\GnuPG\bin;C:\Program Files\nodejs\;C:\mongosh-1.1.9-win32-x64\bin;C:\Program Files\Java\jdk-11.0.14\bin;C:\apache-maven-3.8.4\bin\;C:\Users\juliatrabalho\AppData\Local\Microsoft\WindowsApps;C:\Users\juliatrabalho\AppData\Local\Programs\Microsoft VS Code\bin;C:\Users\juliatrabalho\AppData\Local\Programs\Git\cmd;C:\Users\juliatrabalho\AppData\Local\GitHubDesktop\bin;."/>
    <property name="maven.conf" value="C:\Program Files\NetBeans-12.6\netbeans\java\maven\bin\../conf"/>
    <property name="jdk.debug" value="release"/>
    <property name="java.class.version" value="55.0"/>
    <property name="java.specification.name" value="Java Platform API Specification"/>
    <property name="sun.management.compiler" value="HotSpot 64-Bit Tiered Compilers"/>
    <property name="skipTests" value="true"/>
    <property name="os.version" value="10.0"/>
    <property name="library.jansi.path" value="C:\Program Files\NetBeans-12.6\netbeans\java\maven\bin\..\lib\jansi-native"/>
    <property name="user.home" value="C:\Users\juliatrabalho"/>
    <property name="user.timezone" value="America/Sao_Paulo"/>
    <property name="java.awt.printerjob" value="sun.awt.windows.WPrinterJob"/>
    <property name="file.encoding" value="UTF-8"/>
    <property name="java.specification.version" value="11"/>
    <property name="user.name" value="juliatrabalho"/>
    <property name="java.class.path" value="C:\Program Files\NetBeans-12.6\netbeans\java\maven\bin\..\boot\plexus-classworlds-2.6.0.jar"/>
    <property name="java.vm.specification.version" value="11"/>
    <property name="sun.arch.data.model" value="64"/>
    <property name="sun.java.command" value="org.codehaus.plexus.classworlds.launcher.Launcher -DskipTests=true -Dmaven.ext.class.path=C:\Program Files\NetBeans-12.6\netbeans\java\maven-nblib\netbeans-eventspy.jar -Dfile.encoding=UTF-8 --update-snapshots --fail-at-end --also-make --projects . install"/>
    <property name="java.home" value="C:\Program Files\Java\jdk-11.0.14"/>
    <property name="user.language" value="pt"/>
    <property name="java.specification.vendor" value="Oracle Corporation"/>
    <property name="awt.toolkit" value="sun.awt.windows.WToolkit"/>
    <property name="java.vm.info" value="mixed mode"/>
    <property name="java.version" value="11.0.14"/>
    <property name="java.vendor" value="Oracle Corporation"/>
    <property name="maven.home" value="C:\Program Files\NetBeans-12.6\netbeans\java\maven\bin\.."/>
    <property name="file.separator" value="\"/>
    <property name="java.version.date" value="2022-01-18"/>
    <property name="java.vendor.url.bug" value="https://bugreport.java.com/bugreport/"/>
    <property name="sun.io.unicode.encoding" value="UnicodeLittle"/>
    <property name="sun.cpu.endian" value="little"/>
    <property name="java.vendor.version" value="18.9"/>
    <property name="sun.desktop" value="windows"/>
    <property name="sun.cpu.isalist" value="amd64"/>
  </properties>
  <testcase name="senhaCPF1Test" classname="com.test.senha.ValidadorSenhaTest" time="0.658"/>
  <testcase name="senhaCPF2Test" classname="com.test.senha.ValidadorSenhaTest" time="0.456"/>
  <testcase name="senhaComEspaco" classname="com.test.senha.ValidadorSenhaTest" time="0.258"/>
  <testcase name="senhaCPF3Test" classname="com.test.senha.ValidadorSenhaTest" time="0.319"/>
  <testcase name="senhaCPF4Test" classname="com.test.senha.ValidadorSenhaTest" time="0.326"/>
  <testcase name="senha1Test" classname="com.test.senha.ValidadorSenhaTest" time="0.303"/>
  <testcase name="senha2Test" classname="com.test.senha.ValidadorSenhaTest" time="0"/>
  <testcase name="senhaVazia" classname="com.test.senha.ValidadorSenhaTest" time="0"/>
  <testcase name="senhaNula" classname="com.test.senha.ValidadorSenhaTest" time="0"/>
  <testcase name="senha3Digitos" classname="com.test.senha.ValidadorSenhaTest" time="0.219"/>
  <testcase name="senhaComAcentos" classname="com.test.senha.ValidadorSenhaTest" time="0.236"/>
  <testcase name="senhaSequenciaLetras" classname="com.test.senha.ValidadorSenhaTest" time="0.064"/>
  <testcase name="senhaSequenciaLetras1" classname="com.test.senha.ValidadorSenhaTest" time="0.075"/>
  <testcase name="senhaComCaracteresEspeciais" classname="com.test.senha.ValidadorSenhaTest" time="0.111"/>
  <testcase name="senhaSequenciaLetrasEnumeros" classname="com.test.senha.ValidadorSenhaTest" time="0.164"/>
  <testcase name="senhaCorreta" classname="com.test.senha.ValidadorSenhaTest" time="0"/>
  <testcase name="senhaCom3CaracteresDistintos" classname="com.test.senha.ValidadorSenhaTest" time="0.192"/>
  <testcase name="senhaComEmail" classname="com.test.senha.ValidadorSenhaTest" time="0.165"/>
  <testcase name="senha4Digitos" classname="com.test.senha.ValidadorSenhaTest" time="0.05"/>
</testsuite>